29/11/2020 12:29:49 Launching backend.py
29/11/2020 12:30:43 Launching backend.py
29/11/2020 12:32:49 Launching backend.py
29/11/2020 12:41:01 sqlite3.OperationalError: database is locked ; Attempt: 2
30/11/2020 00:00:00 Table does not exists. Creating new called day_2020_11_30
01/12/2020 00:00:00 Table does not exists. Creating new called day_2020_12_01
01/12/2020 21:17:39 sqlite3.OperationalError: database is locked ; Attempt: 2
02/12/2020 00:00:01 Table does not exists. Creating new called day_2020_12_02
03/12/2020 00:00:00 Table does not exists. Creating new called day_2020_12_03
03/12/2020 01:57:37 ErrorInRead
03/12/2020 01:57:37 Empty data. Need to read serial again.
03/12/2020 04:06:34 ErrorInRead
03/12/2020 04:06:34 Empty data. Need to read serial again.
03/12/2020 15:47:33 ErrorInRead
03/12/2020 15:47:33 Empty data. Need to read serial again.
03/12/2020 22:17:13 Launching backend.py
03/12/2020 22:50:49 Launching backend.py
04/12/2020 00:00:00 Table does not exists. Creating new called day_2020_12_04
04/12/2020 23:11:16 ErrorInRead
04/12/2020 23:11:16 Empty data. Need to read serial again.
05/12/2020 00:00:00 Table does not exists. Creating new called day_2020_12_05
06/12/2020 00:00:01 Table does not exists. Creating new called day_2020_12_06
06/12/2020 13:17:30 Launching backend.py
06/12/2020 20:54:20 sqlite3.OperationalError: database is locked ; Attempt: 2
07/12/2020 00:00:00 Table does not exists. Creating new called day_2020_12_07
08/12/2020 00:00:01 Table does not exists. Creating new called day_2020_12_08
09/12/2020 00:00:01 Table does not exists. Creating new called day_2020_12_09
10/12/2020 00:00:00 Table does not exists. Creating new called day_2020_12_10
11/12/2020 00:00:01 Table does not exists. Creating new called day_2020_12_11
12/12/2020 00:00:00 Table does not exists. Creating new called day_2020_12_12
13/12/2020 00:00:01 Table does not exists. Creating new called day_2020_12_13
14/12/2020 00:00:01 Table does not exists. Creating new called day_2020_12_14
14/12/2020 14:22:24 ErrorInRead
14/12/2020 14:22:24 Empty data. Need to read serial again.
15/12/2020 00:00:00 Table does not exists. Creating new called day_2020_12_15
16/12/2020 00:00:01 Table does not exists. Creating new called day_2020_12_16
17/12/2020 00:00:01 Table does not exists. Creating new called day_2020_12_17
18/12/2020 00:00:00 Table does not exists. Creating new called day_2020_12_18
19/12/2020 00:00:00 Table does not exists. Creating new called day_2020_12_19
20/12/2020 00:00:01 Table does not exists. Creating new called day_2020_12_20
21/12/2020 00:00:01 Table does not exists. Creating new called day_2020_12_21
22/12/2020 00:00:01 Table does not exists. Creating new called day_2020_12_22
23/12/2020 00:00:01 Table does not exists. Creating new called day_2020_12_23
24/12/2020 00:00:00 Table does not exists. Creating new called day_2020_12_24
25/12/2020 00:00:00 Table does not exists. Creating new called day_2020_12_25
26/12/2020 00:00:01 Table does not exists. Creating new called day_2020_12_26
27/12/2020 00:00:01 Table does not exists. Creating new called day_2020_12_27
28/12/2020 00:00:01 Table does not exists. Creating new called day_2020_12_28
29/12/2020 00:00:01 Table does not exists. Creating new called day_2020_12_29
30/12/2020 00:00:01 Table does not exists. Creating new called day_2020_12_30
31/12/2020 00:00:01 Table does not exists. Creating new called day_2020_12_31
01/01/2021 00:00:00 Table does not exists. Creating new called day_2021_01_01
02/01/2021 00:00:00 Table does not exists. Creating new called day_2021_01_02
02/01/2021 13:07:59 ErrorInRead
02/01/2021 13:07:59 Empty data. Need to read serial again.
03/01/2021 00:00:00 Table does not exists. Creating new called day_2021_01_03
04/01/2021 00:00:00 Table does not exists. Creating new called day_2021_01_04
04/01/2021 14:12:33 sqlite3.OperationalError: database is locked ; Attempt: 2
05/01/2021 00:00:01 Table does not exists. Creating new called day_2021_01_05
06/01/2021 00:00:00 Table does not exists. Creating new called day_2021_01_06
07/01/2021 00:00:01 Table does not exists. Creating new called day_2021_01_07
08/01/2021 00:00:00 Table does not exists. Creating new called day_2021_01_08
09/01/2021 00:00:00 Table does not exists. Creating new called day_2021_01_09
09/01/2021 11:50:57 Launching backend.py
10/01/2021 00:00:01 Table does not exists. Creating new called day_2021_01_10
10/01/2021 16:44:08 Launching backend.py
11/01/2021 00:00:00 Table does not exists. Creating new called day_2021_01_11
12/01/2021 00:00:01 Table does not exists. Creating new called day_2021_01_12
13/01/2021 00:00:00 Table does not exists. Creating new called day_2021_01_13
14/01/2021 00:00:01 Table does not exists. Creating new called day_2021_01_14
15/01/2021 00:00:00 Table does not exists. Creating new called day_2021_01_15
15/01/2021 21:48:59 ErrorInRead
15/01/2021 21:48:59 Empty data. Need to read serial again.
16/01/2021 00:00:01 Table does not exists. Creating new called day_2021_01_16
17/01/2021 00:00:00 Table does not exists. Creating new called day_2021_01_17
18/01/2021 00:00:00 Table does not exists. Creating new called day_2021_01_18
19/01/2021 00:00:02 Table does not exists. Creating new called day_2021_01_19
20/01/2021 00:00:01 Table does not exists. Creating new called day_2021_01_20
21/01/2021 00:00:00 Table does not exists. Creating new called day_2021_01_21
22/01/2021 00:00:00 Table does not exists. Creating new called day_2021_01_22
23/01/2021 00:00:00 Table does not exists. Creating new called day_2021_01_23
24/01/2021 00:00:00 Table does not exists. Creating new called day_2021_01_24
24/01/2021 10:13:07 Launching backend.py
24/01/2021 10:49:33 Launching backend.py
25/01/2021 00:00:01 Table does not exists. Creating new called day_2021_01_25
26/01/2021 00:00:00 Table does not exists. Creating new called day_2021_01_26
26/01/2021 03:52:43 ErrorInRead
26/01/2021 03:52:43 Empty data. Need to read serial again.
26/01/2021 14:21:47 sqlite3.OperationalError: database is locked ; Attempt: 2
27/01/2021 00:00:01 Table does not exists. Creating new called day_2021_01_27
28/01/2021 00:00:00 Table does not exists. Creating new called day_2021_01_28
29/01/2021 00:00:01 Table does not exists. Creating new called day_2021_01_29
30/01/2021 00:00:01 Table does not exists. Creating new called day_2021_01_30
31/01/2021 00:00:00 Table does not exists. Creating new called day_2021_01_31
01/02/2021 00:00:00 Table does not exists. Creating new called day_2021_02_01
02/02/2021 00:00:00 Table does not exists. Creating new called day_2021_02_02
03/02/2021 00:00:00 Table does not exists. Creating new called day_2021_02_03
04/02/2021 00:00:00 Table does not exists. Creating new called day_2021_02_04
05/02/2021 00:00:00 Table does not exists. Creating new called day_2021_02_05
06/02/2021 00:00:00 Table does not exists. Creating new called day_2021_02_06
07/02/2021 00:00:01 Table does not exists. Creating new called day_2021_02_07
08/02/2021 00:00:01 Table does not exists. Creating new called day_2021_02_08
09/02/2021 00:00:01 Table does not exists. Creating new called day_2021_02_09
10/02/2021 00:00:01 Table does not exists. Creating new called day_2021_02_10
10/02/2021 18:04:09 sqlite3.OperationalError: database is locked ; Attempt: 2
10/02/2021 18:04:15 sqlite3.OperationalError: database is locked ; Attempt: 3
10/02/2021 18:04:20 sqlite3.OperationalError: database is locked ; Attempt: 4
10/02/2021 18:04:26 sqlite3.OperationalError: database is locked ; Attempt: 5
10/02/2021 18:04:31 sqlite3.OperationalError: database is locked ; Attempt: 6
10/02/2021 18:04:37 sqlite3.OperationalError: database is locked ; Attempt: 7
10/02/2021 18:04:53 sqlite3.OperationalError: database is locked ; Attempt: 2
10/02/2021 18:05:12 sqlite3.OperationalError: database is locked ; Attempt: 2
10/02/2021 18:05:26 sqlite3.OperationalError: database is locked ; Attempt: 2
10/02/2021 18:05:32 sqlite3.OperationalError: database is locked ; Attempt: 3
10/02/2021 18:05:37 sqlite3.OperationalError: database is locked ; Attempt: 4
10/02/2021 18:05:53 sqlite3.OperationalError: database is locked ; Attempt: 2
10/02/2021 18:06:25 sqlite3.OperationalError: database is locked ; Attempt: 2
10/02/2021 18:06:30 sqlite3.OperationalError: database is locked ; Attempt: 3
10/02/2021 18:06:54 sqlite3.OperationalError: database is locked ; Attempt: 2
10/02/2021 18:07:00 sqlite3.OperationalError: database is locked ; Attempt: 3
10/02/2021 18:07:55 sqlite3.OperationalError: database is locked ; Attempt: 2
10/02/2021 18:08:56 sqlite3.OperationalError: database is locked ; Attempt: 2
10/02/2021 18:09:02 sqlite3.OperationalError: database is locked ; Attempt: 3
10/02/2021 18:09:29 sqlite3.OperationalError: database is locked ; Attempt: 2
10/02/2021 18:09:35 sqlite3.OperationalError: database is locked ; Attempt: 3
10/02/2021 18:09:55 sqlite3.OperationalError: database is locked ; Attempt: 2
10/02/2021 18:10:00 sqlite3.OperationalError: database is locked ; Attempt: 3
10/02/2021 18:10:57 sqlite3.OperationalError: database is locked ; Attempt: 2
10/02/2021 18:11:02 sqlite3.OperationalError: database is locked ; Attempt: 3
10/02/2021 18:11:25 sqlite3.OperationalError: database is locked ; Attempt: 2
10/02/2021 18:11:30 sqlite3.OperationalError: database is locked ; Attempt: 3
10/02/2021 18:11:56 sqlite3.OperationalError: database is locked ; Attempt: 2
11/02/2021 00:00:01 Table does not exists. Creating new called day_2021_02_11
12/02/2021 00:00:00 Table does not exists. Creating new called day_2021_02_12
13/02/2021 00:00:01 Table does not exists. Creating new called day_2021_02_13
14/02/2021 00:00:00 Table does not exists. Creating new called day_2021_02_14
15/02/2021 00:00:01 Table does not exists. Creating new called day_2021_02_15
15/02/2021 18:47:48 sqlite3.OperationalError: database is locked ; Attempt: 2
16/02/2021 00:00:00 Table does not exists. Creating new called day_2021_02_16
17/02/2021 00:00:00 Table does not exists. Creating new called day_2021_02_17
18/02/2021 00:00:00 Table does not exists. Creating new called day_2021_02_18
19/02/2021 00:00:01 Table does not exists. Creating new called day_2021_02_19
20/02/2021 00:00:01 Table does not exists. Creating new called day_2021_02_20
21/02/2021 00:00:01 Table does not exists. Creating new called day_2021_02_21
22/02/2021 00:00:02 Table does not exists. Creating new called day_2021_02_22
23/02/2021 00:00:00 Table does not exists. Creating new called day_2021_02_23
24/02/2021 00:00:01 Table does not exists. Creating new called day_2021_02_24
25/02/2021 00:00:00 Table does not exists. Creating new called day_2021_02_25
26/02/2021 00:00:00 Table does not exists. Creating new called day_2021_02_26
26/02/2021 16:39:57 sqlite3.OperationalError: database is locked ; Attempt: 2
26/02/2021 16:40:02 sqlite3.OperationalError: database is locked ; Attempt: 3
26/02/2021 16:40:08 sqlite3.OperationalError: database is locked ; Attempt: 4
26/02/2021 16:40:57 sqlite3.OperationalError: database is locked ; Attempt: 2
27/02/2021 00:00:01 Table does not exists. Creating new called day_2021_02_27
27/02/2021 05:11:34 ErrorInRead
27/02/2021 05:11:34 Empty data. Need to read serial again.
28/02/2021 00:00:00 Table does not exists. Creating new called day_2021_02_28
01/03/2021 00:00:01 Table does not exists. Creating new called day_2021_03_01
02/03/2021 00:00:00 Table does not exists. Creating new called day_2021_03_02
03/03/2021 00:00:01 Table does not exists. Creating new called day_2021_03_03
04/03/2021 00:00:00 Table does not exists. Creating new called day_2021_03_04
04/03/2021 15:03:20 sqlite3.OperationalError: database is locked ; Attempt: 2
04/03/2021 15:04:07 sqlite3.OperationalError: database is locked ; Attempt: 2
05/03/2021 00:00:00 Table does not exists. Creating new called day_2021_03_05
06/03/2021 00:00:01 Table does not exists. Creating new called day_2021_03_06
07/03/2021 00:00:00 Table does not exists. Creating new called day_2021_03_07
08/03/2021 00:00:01 Table does not exists. Creating new called day_2021_03_08
09/03/2021 00:00:00 Table does not exists. Creating new called day_2021_03_09
10/03/2021 00:00:04 Table does not exists. Creating new called day_2021_03_10
11/03/2021 00:00:02 Table does not exists. Creating new called day_2021_03_11
12/03/2021 00:00:01 Table does not exists. Creating new called day_2021_03_12
13/03/2021 00:00:01 Table does not exists. Creating new called day_2021_03_13
14/03/2021 00:00:01 Table does not exists. Creating new called day_2021_03_14
15/03/2021 00:00:01 Table does not exists. Creating new called day_2021_03_15
16/03/2021 00:00:01 Table does not exists. Creating new called day_2021_03_16
17/03/2021 00:00:01 Table does not exists. Creating new called day_2021_03_17
18/03/2021 00:00:00 Table does not exists. Creating new called day_2021_03_18
19/03/2021 00:00:02 Table does not exists. Creating new called day_2021_03_19
20/03/2021 00:00:01 Table does not exists. Creating new called day_2021_03_20
20/03/2021 22:22:44 sqlite3.OperationalError: database is locked ; Attempt: 2
21/03/2021 00:00:01 Table does not exists. Creating new called day_2021_03_21
22/03/2021 00:00:00 Table does not exists. Creating new called day_2021_03_22
23/03/2021 00:00:01 Table does not exists. Creating new called day_2021_03_23
24/03/2021 00:00:00 Table does not exists. Creating new called day_2021_03_24
25/03/2021 00:00:01 Table does not exists. Creating new called day_2021_03_25
26/03/2021 00:00:00 Table does not exists. Creating new called day_2021_03_26
27/03/2021 00:00:01 Table does not exists. Creating new called day_2021_03_27
28/03/2021 00:00:00 Table does not exists. Creating new called day_2021_03_28
29/03/2021 00:00:01 Table does not exists. Creating new called day_2021_03_29
29/03/2021 11:25:24 ErrorInRead
29/03/2021 11:25:24 Empty data. Need to read serial again.
30/03/2021 00:00:01 Table does not exists. Creating new called day_2021_03_30
31/03/2021 00:00:00 Table does not exists. Creating new called day_2021_03_31
01/04/2021 00:00:00 Table does not exists. Creating new called day_2021_04_01
02/04/2021 00:00:01 Table does not exists. Creating new called day_2021_04_02
03/04/2021 00:00:01 Table does not exists. Creating new called day_2021_04_03
04/04/2021 00:00:01 Table does not exists. Creating new called day_2021_04_04
04/04/2021 17:40:41 ErrorInRead
04/04/2021 17:40:41 Empty data. Need to read serial again.
04/04/2021 19:51:30 sqlite3.OperationalError: database is locked ; Attempt: 2
04/04/2021 19:52:30 sqlite3.OperationalError: database is locked ; Attempt: 2
04/04/2021 19:53:28 sqlite3.OperationalError: database is locked ; Attempt: 2
04/04/2021 19:55:29 sqlite3.OperationalError: database is locked ; Attempt: 2
04/04/2021 19:56:31 sqlite3.OperationalError: database is locked ; Attempt: 2
04/04/2021 19:57:29 sqlite3.OperationalError: database is locked ; Attempt: 2
04/04/2021 19:58:28 sqlite3.OperationalError: database is locked ; Attempt: 2
04/04/2021 19:59:29 sqlite3.OperationalError: database is locked ; Attempt: 2
05/04/2021 00:00:01 Table does not exists. Creating new called day_2021_04_05
06/04/2021 00:00:00 Table does not exists. Creating new called day_2021_04_06
07/04/2021 00:00:01 Table does not exists. Creating new called day_2021_04_07
08/04/2021 00:00:00 Table does not exists. Creating new called day_2021_04_08
09/04/2021 00:00:00 Table does not exists. Creating new called day_2021_04_09
10/04/2021 00:00:01 Table does not exists. Creating new called day_2021_04_10
11/04/2021 00:00:00 Table does not exists. Creating new called day_2021_04_11
12/04/2021 00:00:01 Table does not exists. Creating new called day_2021_04_12
13/04/2021 00:00:00 Table does not exists. Creating new called day_2021_04_13
14/04/2021 00:00:01 Table does not exists. Creating new called day_2021_04_14
15/04/2021 00:00:00 Table does not exists. Creating new called day_2021_04_15
16/04/2021 00:00:01 Table does not exists. Creating new called day_2021_04_16
17/04/2021 00:00:01 Table does not exists. Creating new called day_2021_04_17
18/04/2021 00:00:00 Table does not exists. Creating new called day_2021_04_18
19/04/2021 00:00:00 Table does not exists. Creating new called day_2021_04_19
20/04/2021 00:00:00 Table does not exists. Creating new called day_2021_04_20
21/04/2021 00:00:00 Table does not exists. Creating new called day_2021_04_21
22/04/2021 00:00:00 Table does not exists. Creating new called day_2021_04_22
23/04/2021 00:00:05 Table does not exists. Creating new called day_2021_04_23
24/04/2021 00:00:00 Table does not exists. Creating new called day_2021_04_24
25/04/2021 00:00:01 Table does not exists. Creating new called day_2021_04_25
26/04/2021 00:00:01 Table does not exists. Creating new called day_2021_04_26
27/04/2021 00:00:01 Table does not exists. Creating new called day_2021_04_27
27/04/2021 11:09:11 ErrorInRead
27/04/2021 11:09:11 Empty data. Need to read serial again.
28/04/2021 00:00:00 Table does not exists. Creating new called day_2021_04_28
29/04/2021 00:00:00 Table does not exists. Creating new called day_2021_04_29
29/04/2021 13:09:56 sqlite3.OperationalError: database is locked ; Attempt: 2
29/04/2021 13:10:57 sqlite3.OperationalError: database is locked ; Attempt: 2
29/04/2021 13:13:56 sqlite3.OperationalError: database is locked ; Attempt: 2
29/04/2021 13:14:55 sqlite3.OperationalError: database is locked ; Attempt: 2
29/04/2021 13:15:56 sqlite3.OperationalError: database is locked ; Attempt: 2
29/04/2021 13:16:55 sqlite3.OperationalError: database is locked ; Attempt: 2
29/04/2021 13:19:57 sqlite3.OperationalError: database is locked ; Attempt: 2
29/04/2021 13:25:57 sqlite3.OperationalError: database is locked ; Attempt: 2
29/04/2021 13:26:57 sqlite3.OperationalError: database is locked ; Attempt: 2
29/04/2021 13:27:57 sqlite3.OperationalError: database is locked ; Attempt: 2
29/04/2021 13:28:56 sqlite3.OperationalError: database is locked ; Attempt: 2
29/04/2021 13:29:56 sqlite3.OperationalError: database is locked ; Attempt: 2
30/04/2021 00:00:01 Table does not exists. Creating new called day_2021_04_30
01/05/2021 00:00:01 Table does not exists. Creating new called day_2021_05_01
02/05/2021 00:00:00 Table does not exists. Creating new called day_2021_05_02
03/05/2021 00:00:00 Table does not exists. Creating new called day_2021_05_03
04/05/2021 00:00:01 Table does not exists. Creating new called day_2021_05_04
05/05/2021 00:00:00 Table does not exists. Creating new called day_2021_05_05
06/05/2021 00:00:00 Table does not exists. Creating new called day_2021_05_06
07/05/2021 00:00:01 Table does not exists. Creating new called day_2021_05_07
08/05/2021 00:00:01 Table does not exists. Creating new called day_2021_05_08
08/05/2021 09:48:45 sqlite3.OperationalError: database is locked ; Attempt: 2
08/05/2021 19:42:11 sqlite3.OperationalError: database is locked ; Attempt: 2
09/05/2021 00:00:00 Table does not exists. Creating new called day_2021_05_09
10/05/2021 00:00:01 Table does not exists. Creating new called day_2021_05_10
11/05/2021 00:00:01 Table does not exists. Creating new called day_2021_05_11
12/05/2021 00:00:01 Table does not exists. Creating new called day_2021_05_12
13/05/2021 00:00:00 Table does not exists. Creating new called day_2021_05_13
14/05/2021 00:00:00 Table does not exists. Creating new called day_2021_05_14
15/05/2021 00:00:01 Table does not exists. Creating new called day_2021_05_15
15/05/2021 17:27:34 Launching backend.py
16/05/2021 00:00:01 Table does not exists. Creating new called day_2021_05_16
17/05/2021 00:00:00 Table does not exists. Creating new called day_2021_05_17
18/05/2021 00:00:00 Table does not exists. Creating new called day_2021_05_18
19/05/2021 00:00:00 Table does not exists. Creating new called day_2021_05_19
20/05/2021 00:00:01 Table does not exists. Creating new called day_2021_05_20
21/05/2021 00:00:01 Table does not exists. Creating new called day_2021_05_21
22/05/2021 00:00:01 Table does not exists. Creating new called day_2021_05_22
23/05/2021 00:00:00 Table does not exists. Creating new called day_2021_05_23
24/05/2021 00:00:01 Table does not exists. Creating new called day_2021_05_24
24/05/2021 20:35:00 sqlite3.OperationalError: database is locked ; Attempt: 2
25/05/2021 00:00:00 Table does not exists. Creating new called day_2021_05_25
26/05/2021 00:00:00 Table does not exists. Creating new called day_2021_05_26
27/05/2021 00:00:01 Table does not exists. Creating new called day_2021_05_27
27/05/2021 17:44:39 ErrorInRead
27/05/2021 17:44:39 Empty data. Need to read serial again.
28/05/2021 00:00:00 Table does not exists. Creating new called day_2021_05_28
29/05/2021 00:00:01 Table does not exists. Creating new called day_2021_05_29
30/05/2021 00:00:02 Table does not exists. Creating new called day_2021_05_30
31/05/2021 00:00:01 Table does not exists. Creating new called day_2021_05_31
31/05/2021 07:33:02 ErrorInRead
31/05/2021 07:33:02 Empty data. Need to read serial again.
01/06/2021 00:00:00 Table does not exists. Creating new called day_2021_06_01
02/06/2021 00:00:01 Table does not exists. Creating new called day_2021_06_02
03/06/2021 00:00:01 Table does not exists. Creating new called day_2021_06_03
04/06/2021 00:00:01 Table does not exists. Creating new called day_2021_06_04
05/06/2021 00:00:01 Table does not exists. Creating new called day_2021_06_05
06/06/2021 00:00:00 Table does not exists. Creating new called day_2021_06_06
07/06/2021 00:00:00 Table does not exists. Creating new called day_2021_06_07
08/06/2021 00:00:02 Table does not exists. Creating new called day_2021_06_08
09/06/2021 00:00:01 Table does not exists. Creating new called day_2021_06_09
10/06/2021 00:00:01 Table does not exists. Creating new called day_2021_06_10
11/06/2021 00:00:01 Table does not exists. Creating new called day_2021_06_11
11/06/2021 08:38:59 Launching backend.py
12/06/2021 00:00:00 Table does not exists. Creating new called day_2021_06_12
12/06/2021 13:59:57 sqlite3.OperationalError: database is locked ; Attempt: 2
12/06/2021 14:00:56 sqlite3.OperationalError: database is locked ; Attempt: 2
12/06/2021 14:01:56 sqlite3.OperationalError: database is locked ; Attempt: 2
12/06/2021 14:02:57 sqlite3.OperationalError: database is locked ; Attempt: 2
12/06/2021 14:03:56 sqlite3.OperationalError: database is locked ; Attempt: 2
12/06/2021 14:04:55 sqlite3.OperationalError: database is locked ; Attempt: 2
12/06/2021 14:05:55 sqlite3.OperationalError: database is locked ; Attempt: 2
12/06/2021 14:06:57 sqlite3.OperationalError: database is locked ; Attempt: 2
12/06/2021 14:07:57 sqlite3.OperationalError: database is locked ; Attempt: 2
12/06/2021 14:08:57 sqlite3.OperationalError: database is locked ; Attempt: 2
12/06/2021 14:09:58 sqlite3.OperationalError: database is locked ; Attempt: 2
12/06/2021 14:11:17 sqlite3.OperationalError: database is locked ; Attempt: 2
12/06/2021 14:12:16 sqlite3.OperationalError: database is locked ; Attempt: 2
12/06/2021 14:13:17 sqlite3.OperationalError: database is locked ; Attempt: 2
12/06/2021 14:14:16 sqlite3.OperationalError: database is locked ; Attempt: 2
12/06/2021 14:15:15 sqlite3.OperationalError: database is locked ; Attempt: 2
12/06/2021 14:16:17 sqlite3.OperationalError: database is locked ; Attempt: 2
12/06/2021 14:17:20 sqlite3.OperationalError: database is locked ; Attempt: 2
12/06/2021 14:18:20 sqlite3.OperationalError: database is locked ; Attempt: 2
13/06/2021 00:00:02 Table does not exists. Creating new called day_2021_06_13
14/06/2021 00:00:00 Table does not exists. Creating new called day_2021_06_14
15/06/2021 00:00:01 Table does not exists. Creating new called day_2021_06_15
16/06/2021 00:00:00 Table does not exists. Creating new called day_2021_06_16
17/06/2021 00:00:00 Table does not exists. Creating new called day_2021_06_17
18/06/2021 00:00:00 Table does not exists. Creating new called day_2021_06_18
19/06/2021 00:00:01 Table does not exists. Creating new called day_2021_06_19
20/06/2021 00:00:00 Table does not exists. Creating new called day_2021_06_20
21/06/2021 00:00:02 Table does not exists. Creating new called day_2021_06_21
22/06/2021 00:00:00 Table does not exists. Creating new called day_2021_06_22
23/06/2021 00:00:02 Table does not exists. Creating new called day_2021_06_23
24/06/2021 00:00:01 Table does not exists. Creating new called day_2021_06_24
25/06/2021 00:00:01 Table does not exists. Creating new called day_2021_06_25
26/06/2021 00:00:00 Table does not exists. Creating new called day_2021_06_26
26/06/2021 19:11:07 ErrorInRead
26/06/2021 19:11:07 Empty data. Need to read serial again.
27/06/2021 00:00:01 Table does not exists. Creating new called day_2021_06_27
28/06/2021 00:00:01 Table does not exists. Creating new called day_2021_06_28
29/06/2021 00:00:01 Table does not exists. Creating new called day_2021_06_29
30/06/2021 00:00:01 Table does not exists. Creating new called day_2021_06_30
01/07/2021 00:00:01 Table does not exists. Creating new called day_2021_07_01
02/07/2021 00:00:01 Table does not exists. Creating new called day_2021_07_02
03/07/2021 00:00:01 Table does not exists. Creating new called day_2021_07_03
04/07/2021 00:00:01 Table does not exists. Creating new called day_2021_07_04
05/07/2021 00:00:01 Table does not exists. Creating new called day_2021_07_05
06/07/2021 00:00:02 Table does not exists. Creating new called day_2021_07_06
07/07/2021 00:00:01 Table does not exists. Creating new called day_2021_07_07
08/07/2021 00:00:00 Table does not exists. Creating new called day_2021_07_08
09/07/2021 00:00:00 Table does not exists. Creating new called day_2021_07_09
10/07/2021 00:00:00 Table does not exists. Creating new called day_2021_07_10
11/07/2021 00:00:01 Table does not exists. Creating new called day_2021_07_11
12/07/2021 00:00:03 Table does not exists. Creating new called day_2021_07_12
13/07/2021 00:00:01 Table does not exists. Creating new called day_2021_07_13
14/07/2021 00:00:01 Table does not exists. Creating new called day_2021_07_14
15/07/2021 00:00:01 Table does not exists. Creating new called day_2021_07_15
16/07/2021 00:00:01 Table does not exists. Creating new called day_2021_07_16
16/07/2021 16:16:10 ErrorInRead
16/07/2021 16:16:10 Empty data. Need to read serial again.
17/07/2021 00:00:00 Table does not exists. Creating new called day_2021_07_17
18/07/2021 00:00:01 Table does not exists. Creating new called day_2021_07_18
19/07/2021 00:00:00 Table does not exists. Creating new called day_2021_07_19
20/07/2021 00:00:01 Table does not exists. Creating new called day_2021_07_20
21/07/2021 00:00:00 Table does not exists. Creating new called day_2021_07_21
22/07/2021 00:00:01 Table does not exists. Creating new called day_2021_07_22
23/07/2021 00:00:01 Table does not exists. Creating new called day_2021_07_23
24/07/2021 00:00:01 Table does not exists. Creating new called day_2021_07_24
25/07/2021 00:00:00 Table does not exists. Creating new called day_2021_07_25
25/07/2021 22:03:53 sqlite3.OperationalError: database is locked ; Attempt: 2
26/07/2021 00:00:00 Table does not exists. Creating new called day_2021_07_26
27/07/2021 00:00:01 Table does not exists. Creating new called day_2021_07_27
28/07/2021 00:00:00 Table does not exists. Creating new called day_2021_07_28
29/07/2021 00:00:00 Table does not exists. Creating new called day_2021_07_29
30/07/2021 00:00:03 Table does not exists. Creating new called day_2021_07_30
31/07/2021 00:00:00 Table does not exists. Creating new called day_2021_07_31
01/08/2021 00:00:01 Table does not exists. Creating new called day_2021_08_01
02/08/2021 00:00:00 Table does not exists. Creating new called day_2021_08_02
03/08/2021 00:00:00 Table does not exists. Creating new called day_2021_08_03
04/08/2021 00:00:01 Table does not exists. Creating new called day_2021_08_04
05/08/2021 00:00:00 Table does not exists. Creating new called day_2021_08_05
05/08/2021 11:43:28 ErrorInRead
05/08/2021 11:43:28 Empty data. Need to read serial again.
06/08/2021 00:00:00 Table does not exists. Creating new called day_2021_08_06
07/08/2021 00:00:01 Table does not exists. Creating new called day_2021_08_07
08/08/2021 00:00:00 Table does not exists. Creating new called day_2021_08_08
09/08/2021 00:00:00 Table does not exists. Creating new called day_2021_08_09
10/08/2021 00:00:01 Table does not exists. Creating new called day_2021_08_10
11/08/2021 00:00:01 Table does not exists. Creating new called day_2021_08_11
12/08/2021 00:00:01 Table does not exists. Creating new called day_2021_08_12
13/08/2021 00:00:01 Table does not exists. Creating new called day_2021_08_13
14/08/2021 00:00:03 Table does not exists. Creating new called day_2021_08_14
15/08/2021 00:00:00 Table does not exists. Creating new called day_2021_08_15
15/08/2021 20:17:33 sqlite3.OperationalError: database is locked ; Attempt: 2
16/08/2021 00:00:00 Table does not exists. Creating new called day_2021_08_16
17/08/2021 00:00:01 Table does not exists. Creating new called day_2021_08_17
18/08/2021 00:00:00 Table does not exists. Creating new called day_2021_08_18
19/08/2021 00:00:00 Table does not exists. Creating new called day_2021_08_19
20/08/2021 00:00:00 Table does not exists. Creating new called day_2021_08_20
21/08/2021 00:00:01 Table does not exists. Creating new called day_2021_08_21
22/08/2021 00:00:00 Table does not exists. Creating new called day_2021_08_22
22/08/2021 09:07:08 Launching backend.py
22/08/2021 11:07:54 Launching backend.py
23/08/2021 00:00:03 Table does not exists. Creating new called day_2021_08_23
23/08/2021 04:06:42 ErrorInRead
23/08/2021 04:06:42 Empty data. Need to read serial again.
24/08/2021 00:00:00 Table does not exists. Creating new called day_2021_08_24
25/08/2021 00:00:01 Table does not exists. Creating new called day_2021_08_25
26/08/2021 00:00:00 Table does not exists. Creating new called day_2021_08_26
27/08/2021 00:00:00 Table does not exists. Creating new called day_2021_08_27
28/08/2021 00:00:00 Table does not exists. Creating new called day_2021_08_28
29/08/2021 00:00:01 Table does not exists. Creating new called day_2021_08_29
30/08/2021 00:00:01 Table does not exists. Creating new called day_2021_08_30
31/08/2021 00:00:00 Table does not exists. Creating new called day_2021_08_31
01/09/2021 00:00:00 Table does not exists. Creating new called day_2021_09_01
02/09/2021 00:00:00 Table does not exists. Creating new called day_2021_09_02
03/09/2021 00:00:00 Table does not exists. Creating new called day_2021_09_03
04/09/2021 00:00:01 Table does not exists. Creating new called day_2021_09_04
05/09/2021 00:00:00 Table does not exists. Creating new called day_2021_09_05
06/09/2021 00:00:00 Table does not exists. Creating new called day_2021_09_06
06/09/2021 04:39:59 ErrorInRead
06/09/2021 04:39:59 Empty data. Need to read serial again.
06/09/2021 14:52:51 sqlite3.OperationalError: database is locked ; Attempt: 2
06/09/2021 14:52:56 sqlite3.OperationalError: database is locked ; Attempt: 3
06/09/2021 14:53:02 sqlite3.OperationalError: database is locked ; Attempt: 4
06/09/2021 14:53:07 sqlite3.OperationalError: database is locked ; Attempt: 5
06/09/2021 14:53:13 sqlite3.OperationalError: database is locked ; Attempt: 6
07/09/2021 00:00:01 Table does not exists. Creating new called day_2021_09_07
07/09/2021 03:50:40 Empty data. Need to read serial again.
07/09/2021 10:07:43 Launching backend.py
08/09/2021 00:00:01 Table does not exists. Creating new called day_2021_09_08
09/09/2021 00:00:03 Table does not exists. Creating new called day_2021_09_09
10/09/2021 00:00:01 Table does not exists. Creating new called day_2021_09_10
11/09/2021 00:00:03 Table does not exists. Creating new called day_2021_09_11
12/09/2021 00:00:00 Table does not exists. Creating new called day_2021_09_12
13/09/2021 00:00:00 Table does not exists. Creating new called day_2021_09_13
14/09/2021 00:00:01 Table does not exists. Creating new called day_2021_09_14
15/09/2021 00:00:00 Table does not exists. Creating new called day_2021_09_15
16/09/2021 00:00:01 Table does not exists. Creating new called day_2021_09_16
17/09/2021 00:00:01 Table does not exists. Creating new called day_2021_09_17
18/09/2021 00:00:00 Table does not exists. Creating new called day_2021_09_18
19/09/2021 00:00:01 Table does not exists. Creating new called day_2021_09_19
20/09/2021 00:00:00 Table does not exists. Creating new called day_2021_09_20
21/09/2021 00:00:01 Table does not exists. Creating new called day_2021_09_21
22/09/2021 00:00:00 Table does not exists. Creating new called day_2021_09_22
23/09/2021 00:00:00 Table does not exists. Creating new called day_2021_09_23
24/09/2021 00:00:01 Table does not exists. Creating new called day_2021_09_24
25/09/2021 00:00:00 Table does not exists. Creating new called day_2021_09_25
26/09/2021 00:00:00 Table does not exists. Creating new called day_2021_09_26
27/09/2021 00:00:00 Table does not exists. Creating new called day_2021_09_27
28/09/2021 00:00:01 Table does not exists. Creating new called day_2021_09_28
29/09/2021 00:00:00 Table does not exists. Creating new called day_2021_09_29
30/09/2021 00:00:01 Table does not exists. Creating new called day_2021_09_30
01/10/2021 00:00:01 Table does not exists. Creating new called day_2021_10_01
01/10/2021 01:28:42 ErrorInRead
01/10/2021 01:28:42 Empty data. Need to read serial again.
02/10/2021 00:00:00 Table does not exists. Creating new called day_2021_10_02
03/10/2021 00:00:00 Table does not exists. Creating new called day_2021_10_03
03/10/2021 19:25:58 sqlite3.OperationalError: database is locked ; Attempt: 2
04/10/2021 00:00:01 Table does not exists. Creating new called day_2021_10_04
05/10/2021 00:00:00 Table does not exists. Creating new called day_2021_10_05
06/10/2021 00:00:01 Table does not exists. Creating new called day_2021_10_06
07/10/2021 00:00:00 Table does not exists. Creating new called day_2021_10_07
08/10/2021 00:00:01 Table does not exists. Creating new called day_2021_10_08
09/10/2021 00:00:01 Table does not exists. Creating new called day_2021_10_09
09/10/2021 22:05:03 sqlite3.OperationalError: database is locked ; Attempt: 2
10/10/2021 00:00:00 Table does not exists. Creating new called day_2021_10_10
11/10/2021 00:00:01 Table does not exists. Creating new called day_2021_10_11
12/10/2021 00:00:00 Table does not exists. Creating new called day_2021_10_12
13/10/2021 00:00:00 Table does not exists. Creating new called day_2021_10_13
14/10/2021 00:00:01 Table does not exists. Creating new called day_2021_10_14
15/10/2021 00:00:00 Table does not exists. Creating new called day_2021_10_15
16/10/2021 00:00:01 Table does not exists. Creating new called day_2021_10_16
17/10/2021 00:00:02 Table does not exists. Creating new called day_2021_10_17
18/10/2021 00:00:01 Table does not exists. Creating new called day_2021_10_18
18/10/2021 23:45:33 sqlite3.OperationalError: database is locked ; Attempt: 2
19/10/2021 00:00:00 Table does not exists. Creating new called day_2021_10_19
20/10/2021 00:00:01 Table does not exists. Creating new called day_2021_10_20
21/10/2021 00:00:01 Table does not exists. Creating new called day_2021_10_21
22/10/2021 00:00:01 Table does not exists. Creating new called day_2021_10_22
22/10/2021 16:04:16 ErrorInRead
22/10/2021 16:04:16 Empty data. Need to read serial again.
23/10/2021 00:00:01 Table does not exists. Creating new called day_2021_10_23
23/10/2021 10:51:45 sqlite3.OperationalError: database is locked ; Attempt: 2
23/10/2021 10:52:01 sqlite3.OperationalError: database is locked ; Attempt: 2
24/10/2021 00:00:02 Table does not exists. Creating new called day_2021_10_24
25/10/2021 00:00:00 Table does not exists. Creating new called day_2021_10_25
26/10/2021 00:00:00 Table does not exists. Creating new called day_2021_10_26
27/10/2021 00:00:01 Table does not exists. Creating new called day_2021_10_27
28/10/2021 00:00:01 Table does not exists. Creating new called day_2021_10_28
28/10/2021 07:06:56 ErrorInRead
28/10/2021 07:06:56 Empty data. Need to read serial again.
29/10/2021 00:00:00 Table does not exists. Creating new called day_2021_10_29
30/10/2021 00:00:00 Table does not exists. Creating new called day_2021_10_30
31/10/2021 00:00:01 Table does not exists. Creating new called day_2021_10_31
01/11/2021 00:00:00 Table does not exists. Creating new called day_2021_11_01
02/11/2021 00:00:00 Table does not exists. Creating new called day_2021_11_02
03/11/2021 00:00:00 Table does not exists. Creating new called day_2021_11_03
04/11/2021 00:00:00 Table does not exists. Creating new called day_2021_11_04
05/11/2021 00:00:01 Table does not exists. Creating new called day_2021_11_05
06/11/2021 00:00:00 Table does not exists. Creating new called day_2021_11_06
07/11/2021 00:00:01 Table does not exists. Creating new called day_2021_11_07
08/11/2021 00:00:00 Table does not exists. Creating new called day_2021_11_08
09/11/2021 00:00:01 Table does not exists. Creating new called day_2021_11_09
10/11/2021 00:00:01 Table does not exists. Creating new called day_2021_11_10
11/11/2021 00:00:00 Table does not exists. Creating new called day_2021_11_11
12/11/2021 00:00:00 Table does not exists. Creating new called day_2021_11_12
12/11/2021 22:31:15 sqlite3.OperationalError: database is locked ; Attempt: 2
13/11/2021 00:00:00 Table does not exists. Creating new called day_2021_11_13
13/11/2021 14:54:48 sqlite3.OperationalError: database is locked ; Attempt: 2
14/11/2021 00:00:00 Table does not exists. Creating new called day_2021_11_14
14/11/2021 18:24:47 sqlite3.OperationalError: database is locked ; Attempt: 2
14/11/2021 18:27:47 sqlite3.OperationalError: database is locked ; Attempt: 2
14/11/2021 18:55:22 Launching backend.py
14/11/2021 18:59:47 sqlite3.OperationalError: database is locked ; Attempt: 2
15/11/2021 00:00:00 Table does not exists. Creating new called day_2021_11_15
16/11/2021 00:00:01 Table does not exists. Creating new called day_2021_11_16
16/11/2021 20:12:04 sqlite3.OperationalError: database is locked ; Attempt: 2
17/11/2021 00:00:01 Table does not exists. Creating new called day_2021_11_17
17/11/2021 18:48:04 sqlite3.OperationalError: database is locked ; Attempt: 2
18/11/2021 00:00:05 Table does not exists. Creating new called day_2021_11_18
19/11/2021 00:00:00 Table does not exists. Creating new called day_2021_11_19
20/11/2021 00:00:01 Table does not exists. Creating new called day_2021_11_20
21/11/2021 00:00:00 Table does not exists. Creating new called day_2021_11_21
21/11/2021 21:13:52 sqlite3.OperationalError: database is locked ; Attempt: 2
21/11/2021 21:16:35 sqlite3.OperationalError: database is locked ; Attempt: 2
21/11/2021 22:11:36 sqlite3.OperationalError: database is locked ; Attempt: 2
22/11/2021 00:00:01 Table does not exists. Creating new called day_2021_11_22
23/11/2021 00:00:01 Table does not exists. Creating new called day_2021_11_23
24/11/2021 00:00:00 Table does not exists. Creating new called day_2021_11_24
25/11/2021 00:00:00 Table does not exists. Creating new called day_2021_11_25
26/11/2021 00:00:00 Table does not exists. Creating new called day_2021_11_26
27/11/2021 00:00:00 Table does not exists. Creating new called day_2021_11_27
27/11/2021 07:00:35 ErrorInRead
27/11/2021 07:00:35 Empty data. Need to read serial again.
28/11/2021 00:00:01 Table does not exists. Creating new called day_2021_11_28
28/11/2021 20:10:46 sqlite3.OperationalError: database is locked ; Attempt: 2
29/11/2021 00:00:00 Table does not exists. Creating new called day_2021_11_29
30/11/2021 00:00:01 Table does not exists. Creating new called day_2021_11_30
30/11/2021 22:39:34 sqlite3.OperationalError: database is locked ; Attempt: 2
01/12/2021 00:00:00 Table does not exists. Creating new called day_2021_12_01
02/12/2021 00:00:00 Table does not exists. Creating new called day_2021_12_02
03/12/2021 00:00:00 Table does not exists. Creating new called day_2021_12_03
04/12/2021 00:00:00 Table does not exists. Creating new called day_2021_12_04
05/12/2021 00:00:01 Table does not exists. Creating new called day_2021_12_05
05/12/2021 21:24:47 sqlite3.OperationalError: database is locked ; Attempt: 2
06/12/2021 00:00:00 Table does not exists. Creating new called day_2021_12_06
07/12/2021 00:00:01 Table does not exists. Creating new called day_2021_12_07
07/12/2021 04:19:38 ErrorInRead
07/12/2021 04:19:38 Empty data. Need to read serial again.
07/12/2021 18:37:17 sqlite3.OperationalError: database is locked ; Attempt: 2
08/12/2021 00:00:00 Table does not exists. Creating new called day_2021_12_08
09/12/2021 00:00:00 Table does not exists. Creating new called day_2021_12_09
10/12/2021 00:00:01 Table does not exists. Creating new called day_2021_12_10
11/12/2021 00:00:01 Table does not exists. Creating new called day_2021_12_11
12/12/2021 00:00:01 Table does not exists. Creating new called day_2021_12_12
12/12/2021 23:40:41 sqlite3.OperationalError: database is locked ; Attempt: 2
13/12/2021 00:00:00 Table does not exists. Creating new called day_2021_12_13
13/12/2021 21:54:50 ErrorInRead
13/12/2021 21:54:50 Empty data. Need to read serial again.
14/12/2021 00:00:01 Table does not exists. Creating new called day_2021_12_14
15/12/2021 00:00:01 Table does not exists. Creating new called day_2021_12_15
15/12/2021 21:13:51 sqlite3.OperationalError: database is locked ; Attempt: 2
16/12/2021 00:00:01 Table does not exists. Creating new called day_2021_12_16
17/12/2021 00:00:00 Table does not exists. Creating new called day_2021_12_17
18/12/2021 00:00:00 Table does not exists. Creating new called day_2021_12_18
19/12/2021 00:00:01 Table does not exists. Creating new called day_2021_12_19
20/12/2021 00:00:03 Table does not exists. Creating new called day_2021_12_20
21/12/2021 00:00:04 Table does not exists. Creating new called day_2021_12_21
22/12/2021 00:00:01 Table does not exists. Creating new called day_2021_12_22
23/12/2021 00:00:01 Table does not exists. Creating new called day_2021_12_23
24/12/2021 00:00:00 Table does not exists. Creating new called day_2021_12_24
25/12/2021 00:00:01 Table does not exists. Creating new called day_2021_12_25
26/12/2021 00:00:00 Table does not exists. Creating new called day_2021_12_26
27/12/2021 00:00:01 Table does not exists. Creating new called day_2021_12_27
28/12/2021 00:00:00 Table does not exists. Creating new called day_2021_12_28
29/12/2021 00:00:00 Table does not exists. Creating new called day_2021_12_29
30/12/2021 00:00:01 Table does not exists. Creating new called day_2021_12_30
31/12/2021 00:00:00 Table does not exists. Creating new called day_2021_12_31
01/01/2022 00:00:01 Table does not exists. Creating new called day_2022_01_01
01/01/2022 18:51:02 sqlite3.OperationalError: database is locked ; Attempt: 2
02/01/2022 00:00:04 Table does not exists. Creating new called day_2022_01_02
03/01/2022 00:00:01 Table does not exists. Creating new called day_2022_01_03
04/01/2022 00:00:02 Table does not exists. Creating new called day_2022_01_04
05/01/2022 00:00:00 Table does not exists. Creating new called day_2022_01_05
06/01/2022 00:00:01 Table does not exists. Creating new called day_2022_01_06
07/01/2022 00:00:01 Table does not exists. Creating new called day_2022_01_07
07/01/2022 19:20:35 sqlite3.OperationalError: database is locked ; Attempt: 2
07/01/2022 19:22:45 sqlite3.OperationalError: database is locked ; Attempt: 2
08/01/2022 00:00:00 Table does not exists. Creating new called day_2022_01_08
09/01/2022 00:00:00 Table does not exists. Creating new called day_2022_01_09
10/01/2022 00:00:01 Table does not exists. Creating new called day_2022_01_10
11/01/2022 00:00:01 Table does not exists. Creating new called day_2022_01_11
11/01/2022 04:41:59 ErrorInRead
11/01/2022 04:41:59 Empty data. Need to read serial again.
12/01/2022 00:00:00 Table does not exists. Creating new called day_2022_01_12
13/01/2022 00:00:01 Table does not exists. Creating new called day_2022_01_13
14/01/2022 00:00:01 Table does not exists. Creating new called day_2022_01_14
15/01/2022 00:00:00 Table does not exists. Creating new called day_2022_01_15
15/01/2022 09:25:52 sqlite3.OperationalError: database is locked ; Attempt: 2
16/01/2022 00:00:01 Table does not exists. Creating new called day_2022_01_16
17/01/2022 00:00:01 Table does not exists. Creating new called day_2022_01_17
17/01/2022 23:50:11 ErrorInRead
17/01/2022 23:50:11 Empty data. Need to read serial again.
18/01/2022 00:00:00 Table does not exists. Creating new called day_2022_01_18
19/01/2022 00:00:00 Table does not exists. Creating new called day_2022_01_19
19/01/2022 21:49:53 sqlite3.OperationalError: database is locked ; Attempt: 2
19/01/2022 21:50:06 sqlite3.OperationalError: database is locked ; Attempt: 2
19/01/2022 21:50:12 sqlite3.OperationalError: database is locked ; Attempt: 3
19/01/2022 21:51:04 sqlite3.OperationalError: database is locked ; Attempt: 2
19/01/2022 21:52:07 sqlite3.OperationalError: database is locked ; Attempt: 2
19/01/2022 21:53:07 sqlite3.OperationalError: database is locked ; Attempt: 2
20/01/2022 00:00:00 Table does not exists. Creating new called day_2022_01_20
20/01/2022 13:49:11 ErrorInRead
20/01/2022 13:49:11 Empty data. Need to read serial again.
21/01/2022 00:00:00 Table does not exists. Creating new called day_2022_01_21
21/01/2022 19:21:33 sqlite3.OperationalError: database is locked ; Attempt: 2
22/01/2022 00:00:01 Table does not exists. Creating new called day_2022_01_22
23/01/2022 00:00:01 Table does not exists. Creating new called day_2022_01_23
24/01/2022 00:00:03 Table does not exists. Creating new called day_2022_01_24
25/01/2022 00:00:01 Table does not exists. Creating new called day_2022_01_25
26/01/2022 00:00:01 Table does not exists. Creating new called day_2022_01_26
26/01/2022 18:46:28 sqlite3.OperationalError: database is locked ; Attempt: 2
27/01/2022 00:00:00 Table does not exists. Creating new called day_2022_01_27
28/01/2022 00:00:00 Table does not exists. Creating new called day_2022_01_28
29/01/2022 00:00:01 Table does not exists. Creating new called day_2022_01_29
30/01/2022 00:00:04 Table does not exists. Creating new called day_2022_01_30
